  main.c
C:\Users\chris\OneDrive\Desktop\Christoph16478_github\c-beginner-to-advanced\c-beginner-to-advanced\9Strings\main.c(14,13): warning C4473: 'scanf_s' : not enough arguments passed for format string
C:\Users\chris\OneDrive\Desktop\Christoph16478_github\c-beginner-to-advanced\c-beginner-to-advanced\9Strings\main.c(14,13): message : placeholders and their parameters expect 2 variadic arguments, but 1 were provided
C:\Users\chris\OneDrive\Desktop\Christoph16478_github\c-beginner-to-advanced\c-beginner-to-advanced\9Strings\main.c(14,13): message : the missing variadic argument 2 is required by format string '%20s'
C:\Users\chris\OneDrive\Desktop\Christoph16478_github\c-beginner-to-advanced\c-beginner-to-advanced\9Strings\main.c(14,13): message : this argument is used as a buffer size
C:\Users\chris\OneDrive\Desktop\Christoph16478_github\c-beginner-to-advanced\c-beginner-to-advanced\9Strings\main.c(16,13): warning C4473: 'scanf_s' : not enough arguments passed for format string
C:\Users\chris\OneDrive\Desktop\Christoph16478_github\c-beginner-to-advanced\c-beginner-to-advanced\9Strings\main.c(16,13): message : placeholders and their parameters expect 2 variadic arguments, but 1 were provided
C:\Users\chris\OneDrive\Desktop\Christoph16478_github\c-beginner-to-advanced\c-beginner-to-advanced\9Strings\main.c(16,13): message : the missing variadic argument 2 is required by format string '%20s'
C:\Users\chris\OneDrive\Desktop\Christoph16478_github\c-beginner-to-advanced\c-beginner-to-advanced\9Strings\main.c(16,13): message : this argument is used as a buffer size
C:\Users\chris\OneDrive\Desktop\Christoph16478_github\c-beginner-to-advanced\c-beginner-to-advanced\9Strings\main.c(29,13): warning C4473: 'scanf_s' : not enough arguments passed for format string
C:\Users\chris\OneDrive\Desktop\Christoph16478_github\c-beginner-to-advanced\c-beginner-to-advanced\9Strings\main.c(29,13): message : placeholders and their parameters expect 2 variadic arguments, but 1 were provided
C:\Users\chris\OneDrive\Desktop\Christoph16478_github\c-beginner-to-advanced\c-beginner-to-advanced\9Strings\main.c(29,13): message : the missing variadic argument 2 is required by format string '%20s'
C:\Users\chris\OneDrive\Desktop\Christoph16478_github\c-beginner-to-advanced\c-beginner-to-advanced\9Strings\main.c(29,13): message : this argument is used as a buffer size
C:\Users\chris\OneDrive\Desktop\Christoph16478_github\c-beginner-to-advanced\c-beginner-to-advanced\9Strings\main.c(31,13): warning C4473: 'scanf_s' : not enough arguments passed for format string
C:\Users\chris\OneDrive\Desktop\Christoph16478_github\c-beginner-to-advanced\c-beginner-to-advanced\9Strings\main.c(31,13): message : placeholders and their parameters expect 2 variadic arguments, but 1 were provided
C:\Users\chris\OneDrive\Desktop\Christoph16478_github\c-beginner-to-advanced\c-beginner-to-advanced\9Strings\main.c(31,13): message : the missing variadic argument 2 is required by format string '%20s'
C:\Users\chris\OneDrive\Desktop\Christoph16478_github\c-beginner-to-advanced\c-beginner-to-advanced\9Strings\main.c(31,13): message : this argument is used as a buffer size
  Generating code
  Previous IPDB not found, fall back to full compilation.
  All 9 functions were compiled because no usable IPDB/IOBJ from previous compilation was found.
  Finished generating code
  9Strings.vcxproj -> C:\Users\chris\OneDrive\Desktop\Christoph16478_github\c-beginner-to-advanced\c-beginner-to-advanced\x64\Release\9Strings.exe
