  functions.c
C:\Users\chris\OneDrive\Desktop\Christoph16478_github\c-beginner-to-advanced\c-beginner-to-advanced\8pointersarray\functions.c(39,26): warning C4244: 'initializing': conversion from 'int' to 'float', possible loss of data
C:\Users\chris\OneDrive\Desktop\Christoph16478_github\c-beginner-to-advanced\c-beginner-to-advanced\8pointersarray\functions.c(55,23): warning C4018: '<': signed/unsigned mismatch
C:\Users\chris\OneDrive\Desktop\Christoph16478_github\c-beginner-to-advanced\c-beginner-to-advanced\8pointersarray\functions.c(68,23): warning C4018: '<': signed/unsigned mismatch
C:\Users\chris\OneDrive\Desktop\Christoph16478_github\c-beginner-to-advanced\c-beginner-to-advanced\8pointersarray\functions.c(89,23): warning C4018: '<': signed/unsigned mismatch
C:\Users\chris\OneDrive\Desktop\Christoph16478_github\c-beginner-to-advanced\c-beginner-to-advanced\8pointersarray\functions.c(110,23): warning C4018: '<': signed/unsigned mismatch
C:\Users\chris\OneDrive\Desktop\Christoph16478_github\c-beginner-to-advanced\c-beginner-to-advanced\8pointersarray\functions.c(122,23): warning C4018: '<': signed/unsigned mismatch
C:\Users\chris\OneDrive\Desktop\Christoph16478_github\c-beginner-to-advanced\c-beginner-to-advanced\8pointersarray\functions.c(126,27): warning C4018: '<': signed/unsigned mismatch
C:\Users\chris\OneDrive\Desktop\Christoph16478_github\c-beginner-to-advanced\c-beginner-to-advanced\8pointersarray\functions.c(139,23): warning C4018: '<': signed/unsigned mismatch
C:\Users\chris\OneDrive\Desktop\Christoph16478_github\c-beginner-to-advanced\c-beginner-to-advanced\8pointersarray\functions.c(141,27): warning C4018: '<': signed/unsigned mismatch
  main.c
C:\Users\chris\OneDrive\Desktop\Christoph16478_github\c-beginner-to-advanced\c-beginner-to-advanced\8pointersarray\main.c(11,15): warning C4013: 'createMatrix' undefined; assuming extern returning int
C:\Users\chris\OneDrive\Desktop\Christoph16478_github\c-beginner-to-advanced\c-beginner-to-advanced\8pointersarray\main.c(12,25): warning C4013: 'transposeMatrix' undefined; assuming extern returning int
C:\Users\chris\OneDrive\Desktop\Christoph16478_github\c-beginner-to-advanced\c-beginner-to-advanced\8pointersarray\main.c(14,23): warning C4018: '<': signed/unsigned mismatch
C:\Users\chris\OneDrive\Desktop\Christoph16478_github\c-beginner-to-advanced\c-beginner-to-advanced\8pointersarray\main.c(16,27): warning C4018: '<': signed/unsigned mismatch
C:\Users\chris\OneDrive\Desktop\Christoph16478_github\c-beginner-to-advanced\c-beginner-to-advanced\8pointersarray\main.c(24,23): warning C4018: '<': signed/unsigned mismatch
C:\Users\chris\OneDrive\Desktop\Christoph16478_github\c-beginner-to-advanced\c-beginner-to-advanced\8pointersarray\main.c(26,27): warning C4018: '<': signed/unsigned mismatch
C:\Users\chris\OneDrive\Desktop\Christoph16478_github\c-beginner-to-advanced\c-beginner-to-advanced\8pointersarray\main.c(33,23): warning C4018: '<': signed/unsigned mismatch
C:\Users\chris\OneDrive\Desktop\Christoph16478_github\c-beginner-to-advanced\c-beginner-to-advanced\8pointersarray\main.c(61,16): warning C4477: 'printf' : format string '%x' requires an argument of type 'unsigned int', but variadic argument 1 has type 'int *'
C:\Users\chris\OneDrive\Desktop\Christoph16478_github\c-beginner-to-advanced\c-beginner-to-advanced\8pointersarray\main.c(61,16): warning C4313: 'printf': '%x' in format string conflicts with argument 1 of type 'int *'
C:\Users\chris\OneDrive\Desktop\Christoph16478_github\c-beginner-to-advanced\c-beginner-to-advanced\8pointersarray\main.c(11,11): warning C4047: 'initializing': 'int **' differs in levels of indirection from 'int'
C:\Users\chris\OneDrive\Desktop\Christoph16478_github\c-beginner-to-advanced\c-beginner-to-advanced\8pointersarray\main.c(12,11): warning C4047: 'initializing': 'int **' differs in levels of indirection from 'int'
  Generating code
  Previous IPDB not found, fall back to full compilation.
  All 7 functions were compiled because no usable IPDB/IOBJ from previous compilation was found.
  Finished generating code
  8pointersarray.vcxproj -> C:\Users\chris\OneDrive\Desktop\Christoph16478_github\c-beginner-to-advanced\c-beginner-to-advanced\x64\Release\8pointersarray.exe
