  main.c
C:\Users\chris\OneDrive\Desktop\Christoph16478_github\c-beginner-to-advanced\c-beginner-to-advanced\12advancedtechniques\main.c(39,14): error C2065: 'argc': undeclared identifier
C:\Users\chris\OneDrive\Desktop\Christoph16478_github\c-beginner-to-advanced\c-beginner-to-advanced\12advancedtechniques\main.c(45,26): error C2065: 'argv': undeclared identifier
C:\Users\chris\OneDrive\Desktop\Christoph16478_github\c-beginner-to-advanced\c-beginner-to-advanced\12advancedtechniques\main.c(45,28): error C2109: subscript requires array or pointer type
C:\Users\chris\OneDrive\Desktop\Christoph16478_github\c-beginner-to-advanced\c-beginner-to-advanced\12advancedtechniques\main.c(45,16): error C2198: 'fopen': too few arguments for call
C:\Users\chris\OneDrive\Desktop\Christoph16478_github\c-beginner-to-advanced\c-beginner-to-advanced\12advancedtechniques\main.c(48,49): error C2065: 'argv': undeclared identifier
C:\Users\chris\OneDrive\Desktop\Christoph16478_github\c-beginner-to-advanced\c-beginner-to-advanced\12advancedtechniques\main.c(48,51): error C2109: subscript requires array or pointer type
C:\Users\chris\OneDrive\Desktop\Christoph16478_github\c-beginner-to-advanced\c-beginner-to-advanced\12advancedtechniques\main.c(48,16): warning C4473: 'printf' : not enough arguments passed for format string
C:\Users\chris\OneDrive\Desktop\Christoph16478_github\c-beginner-to-advanced\c-beginner-to-advanced\12advancedtechniques\main.c(48,16): message : placeholders and their parameters expect 1 variadic arguments, but 0 were provided
C:\Users\chris\OneDrive\Desktop\Christoph16478_github\c-beginner-to-advanced\c-beginner-to-advanced\12advancedtechniques\main.c(48,16): message : the missing variadic argument 1 is required by format string '%s'
C:\Users\chris\OneDrive\Desktop\Christoph16478_github\c-beginner-to-advanced\c-beginner-to-advanced\12advancedtechniques\main.c(52,27): error C2065: 'argv': undeclared identifier
C:\Users\chris\OneDrive\Desktop\Christoph16478_github\c-beginner-to-advanced\c-beginner-to-advanced\12advancedtechniques\main.c(52,29): error C2109: subscript requires array or pointer type
C:\Users\chris\OneDrive\Desktop\Christoph16478_github\c-beginner-to-advanced\c-beginner-to-advanced\12advancedtechniques\main.c(52,18): error C2198: 'atoi': too few arguments for call
C:\Users\chris\OneDrive\Desktop\Christoph16478_github\c-beginner-to-advanced\c-beginner-to-advanced\12advancedtechniques\main.c(63,20): error C2065: 'argv': undeclared identifier
C:\Users\chris\OneDrive\Desktop\Christoph16478_github\c-beginner-to-advanced\c-beginner-to-advanced\12advancedtechniques\main.c(63,22): error C2109: subscript requires array or pointer type
C:\Users\chris\OneDrive\Desktop\Christoph16478_github\c-beginner-to-advanced\c-beginner-to-advanced\12advancedtechniques\main.c(63,10): error C2198: 'fopen': too few arguments for call
C:\Users\chris\OneDrive\Desktop\Christoph16478_github\c-beginner-to-advanced\c-beginner-to-advanced\12advancedtechniques\main.c(74,10): error C2374: 'data': redefinition; multiple initialization
C:\Users\chris\OneDrive\Desktop\Christoph16478_github\c-beginner-to-advanced\c-beginner-to-advanced\12advancedtechniques\main.c(53,10): message : see declaration of 'data'
C:\Users\chris\OneDrive\Desktop\Christoph16478_github\c-beginner-to-advanced\c-beginner-to-advanced\12advancedtechniques\main.c(45,16): error C4996: 'fopen': This function or variable may be unsafe. Consider using fopen_s instead. To disable deprecation, use _CRT_SECURE_NO_WARNINGS. See online help for details.
C:\Users\chris\OneDrive\Desktop\Christoph16478_github\c-beginner-to-advanced\c-beginner-to-advanced\12advancedtechniques\main.c(57,9): error C4996: 'fscanf': This function or variable may be unsafe. Consider using fscanf_s instead. To disable deprecation, use _CRT_SECURE_NO_WARNINGS. See online help for details.
C:\Users\chris\OneDrive\Desktop\Christoph16478_github\c-beginner-to-advanced\c-beginner-to-advanced\12advancedtechniques\main.c(63,10): error C4996: 'fopen': This function or variable may be unsafe. Consider using fopen_s instead. To disable deprecation, use _CRT_SECURE_NO_WARNINGS. See online help for details.
